{"uid":"4b4757e66a1912dae1a509f688f20b0f","children":[{"name":"Product defects","children":[{"name":"selene.core.exceptions.TimeoutException: Message: \n\nTimed out after 4s, while waiting for:\nbrowser.element(('link text', 'eroshenkoam/allure-example')).is visible\n\nReason: NoSuchElementException: no such element: Unable to locate element: {\"method\":\"link text\",\"selector\":\"eroshenkoam/allure-example\"}\n  (Session info: chrome=131.0.6778.204); For documentation on this error, please visit: https://www.selenium.dev/documentation/webdriver/troubleshooting/errors#no-such-element-exception\nScreenshot: file:///home/runner/.selene/screenshots/1734618885052/1734618885052.png\nPageSource: file:///home/runner/.selene/screenshots/1734618885052/1734618885052.html","children":[{"name":"test_dynamic_steps","uid":"2972418c5cf98044","parentUid":"d6255a294f676ae0bc9589513211fcb3","status":"failed","time":{"start":1734618906630,"stop":1734618915441,"duration":8811},"flaky":false,"newFailed":false,"newPassed":false,"newBroken":false,"retriesCount":0,"retriesStatusChange":false,"parameters":[],"tags":[]}],"uid":"d6255a294f676ae0bc9589513211fcb3"}],"uid":"8fb3a91ba5aaf9de24cc8a92edc82b5d"}],"name":"categories"}